2021-06-04 12:42:58,595 INFO [n-fb33fdc5f6e1.a-fb34504611e0.BrokerBean] - starting broker agent
2021-06-04 12:42:58,601 INFO [n-fb33fdc5f6e1.a-fb34481c3ea6.WorkerBean] - Starting worker agent with id: a-fb34481c3ea6
2021-06-04 12:42:58,602 INFO [n-fb33fdc5f6e1.a-fb341782d192.WorkerBean] - Starting worker agent with id: a-fb341782d192
2021-06-04 12:42:58,602 INFO [n-fb33fdc5f6e1.a-fb341230c04b.WorkerBean] - Starting worker agent with id: a-fb341230c04b
2021-06-04 12:42:58,604 INFO [n-fb33fdc5f6e1.a-fb344343bc6c.WorkerBean_randomMoves] - Starting worker agent with id: a-fb344343bc6c
2021-06-04 12:42:58,604 INFO [n-fb33fdc5f6e1.a-fb341c3dc70e.WorkerBean_overestimateDistance] - Starting worker agent with id: a-fb341c3dc70e
2021-06-04 12:42:58,606 INFO [n-fb33fdc5f6e1.a-fb34338a6f7f.WorkerBean_underestimateDistance] - Starting worker agent with id: a-fb34338a6f7f
2021-06-04 12:42:58,973 WARN [n-fb33fdc5f6e1.IDirectory] - Cannot find agent:
Agent:
 name='ServerAgent'
 aid=null
 owner=null
 state=null
 messageBoxAddress=null
 mobile=false

2021-06-04 12:42:59,971 WARN [n-fb33fdc5f6e1.IDirectory] - Cannot find agent:
Agent:
 name='ServerAgent'
 aid=null
 owner=null
 state=null
 messageBoxAddress=null
 mobile=false

2021-06-04 12:43:00,980 WARN [n-fb33fdc5f6e1.IDirectory] - Cannot find agent:
Agent:
 name='ServerAgent'
 aid=null
 owner=null
 state=null
 messageBoxAddress=null
 mobile=false

2021-06-04 12:43:01,980 WARN [n-fb33fdc5f6e1.IDirectory] - Cannot find agent:
Agent:
 name='ServerAgent'
 aid=null
 owner=null
 state=null
 messageBoxAddress=null
 mobile=false

2021-06-04 12:43:02,434 ERROR [org.apache.activemq.thread.TaskRunnerFactory] - Error in thread 'ActiveMQ VMTransport: vm://n-fb33fdc5f6e1StandardJMSBroker#1-1'
org.apache.activemq.broker.BrokerStoppedException: Broker BrokerService[n-fb33fdc5f6e1StandardJMSBroker] is being stopped
	at org.apache.activemq.broker.TransportConnection$1.onCommand(TransportConnection.java:193)
	at org.apache.activemq.transport.ResponseCorrelator.onCommand(ResponseCorrelator.java:116)
	at org.apache.activemq.transport.MutexTransport.onCommand(MutexTransport.java:50)
	at org.apache.activemq.transport.vm.VMTransport.iterate(VMTransport.java:270)
	at org.apache.activemq.thread.PooledTaskRunner.runTask(PooledTaskRunner.java:133)
	at org.apache.activemq.thread.PooledTaskRunner$1.run(PooledTaskRunner.java:48)
	at java.base/java.util.concurrent.ThreadPoolExecutor.runWorker(ThreadPoolExecutor.java:1130)
	at java.base/java.util.concurrent.ThreadPoolExecutor$Worker.run(ThreadPoolExecutor.java:630)
	at java.base/java.lang.Thread.run(Thread.java:831)
2021-06-04 12:43:02,435 ERROR [n-fb33fdc5f6e1.IDirectory.jms] - Sending of Message to address 'group:df@dfgroup' through JMS failed!
javax.jms.JMSException: peer (vm://n-fb33fdc5f6e1StandardJMSBroker#1) stopped.
	at org.apache.activemq.util.JMSExceptionSupport.create(JMSExceptionSupport.java:54)
	at org.apache.activemq.ActiveMQConnection.syncSendPacket(ActiveMQConnection.java:1398)
	at org.apache.activemq.ActiveMQConnection.syncSendPacket(ActiveMQConnection.java:1324)
	at org.apache.activemq.ActiveMQSession.send(ActiveMQSession.java:1971)
	at org.apache.activemq.ActiveMQMessageProducer.send(ActiveMQMessageProducer.java:288)
	at org.apache.activemq.ActiveMQMessageProducer.send(ActiveMQMessageProducer.java:223)
	at de.dailab.jiactng.agentcore.comm.transport.jms.JMSSender.sendMessage(JMSSender.java:52)
	at de.dailab.jiactng.agentcore.comm.transport.jms.JMSSender.send(JMSSender.java:43)
	at de.dailab.jiactng.agentcore.comm.transport.jms.JMSMessageTransport.send(JMSMessageTransport.java:215)
	at de.dailab.jiactng.agentcore.directory.DirectoryAgentNodeBean.sendMessage(DirectoryAgentNodeBean.java:1472)
	at de.dailab.jiactng.agentcore.directory.DirectoryAgentNodeBean.doStop(DirectoryAgentNodeBean.java:295)
	at de.dailab.jiactng.agentcore.lifecycle.AbstractLifecycle.stop(AbstractLifecycle.java:181)
	at de.dailab.jiactng.agentcore.SimpleAgentNode.doStop(SimpleAgentNode.java:978)
	at de.dailab.jiactng.agentcore.lifecycle.AbstractLifecycle.stop(AbstractLifecycle.java:181)
	at de.dailab.jiactng.agentcore.SimpleAgentNode.shutdown(SimpleAgentNode.java:819)
	at de.dailab.jiactng.agentcore.SimpleAgentNode$1.run(SimpleAgentNode.java:144)
Caused by: org.apache.activemq.transport.TransportDisposedIOException: peer (vm://n-fb33fdc5f6e1StandardJMSBroker#1) stopped.
	at org.apache.activemq.transport.vm.VMTransport.stop(VMTransport.java:229)
	at org.apache.activemq.transport.TransportFilter.stop(TransportFilter.java:65)
	at org.apache.activemq.transport.TransportFilter.stop(TransportFilter.java:65)
	at org.apache.activemq.transport.ResponseCorrelator.stop(ResponseCorrelator.java:132)
	at org.apache.activemq.broker.TransportConnection.doStop(TransportConnection.java:1164)
	at org.apache.activemq.broker.TransportConnection$4.run(TransportConnection.java:1130)
	at java.base/java.util.concurrent.ThreadPoolExecutor.runWorker(ThreadPoolExecutor.java:1130)
	at java.base/java.util.concurrent.ThreadPoolExecutor$Worker.run(ThreadPoolExecutor.java:630)
	at java.base/java.lang.Thread.run(Thread.java:831)
2021-06-04 12:43:02,437 ERROR [n-fb33fdc5f6e1.IDirectory] - sendMessage failed. Message:
[Headers: {JiacTNGSenderAddress=>msgbox:df@n-fb33fdc5f6e1;JiacTNGProtocolID=>df:bye;JiacTNGGroupAddress=>df@dfgroup;UUID=>n-fb33fdc5f6e1}, Payload: null, Sender: msgbox:df@n-fb33fdc5f6e1]
de.dailab.jiactng.agentcore.comm.CommunicationException: error while sending message
	at de.dailab.jiactng.agentcore.comm.transport.jms.JMSMessageTransport.send(JMSMessageTransport.java:221)
	at de.dailab.jiactng.agentcore.directory.DirectoryAgentNodeBean.sendMessage(DirectoryAgentNodeBean.java:1472)
	at de.dailab.jiactng.agentcore.directory.DirectoryAgentNodeBean.doStop(DirectoryAgentNodeBean.java:295)
	at de.dailab.jiactng.agentcore.lifecycle.AbstractLifecycle.stop(AbstractLifecycle.java:181)
	at de.dailab.jiactng.agentcore.SimpleAgentNode.doStop(SimpleAgentNode.java:978)
	at de.dailab.jiactng.agentcore.lifecycle.AbstractLifecycle.stop(AbstractLifecycle.java:181)
	at de.dailab.jiactng.agentcore.SimpleAgentNode.shutdown(SimpleAgentNode.java:819)
	at de.dailab.jiactng.agentcore.SimpleAgentNode$1.run(SimpleAgentNode.java:144)
Caused by: javax.jms.JMSException: peer (vm://n-fb33fdc5f6e1StandardJMSBroker#1) stopped.
	at org.apache.activemq.util.JMSExceptionSupport.create(JMSExceptionSupport.java:54)
	at org.apache.activemq.ActiveMQConnection.syncSendPacket(ActiveMQConnection.java:1398)
	at org.apache.activemq.ActiveMQConnection.syncSendPacket(ActiveMQConnection.java:1324)
	at org.apache.activemq.ActiveMQSession.send(ActiveMQSession.java:1971)
	at org.apache.activemq.ActiveMQMessageProducer.send(ActiveMQMessageProducer.java:288)
	at org.apache.activemq.ActiveMQMessageProducer.send(ActiveMQMessageProducer.java:223)
	at de.dailab.jiactng.agentcore.comm.transport.jms.JMSSender.sendMessage(JMSSender.java:52)
	at de.dailab.jiactng.agentcore.comm.transport.jms.JMSSender.send(JMSSender.java:43)
	at de.dailab.jiactng.agentcore.comm.transport.jms.JMSMessageTransport.send(JMSMessageTransport.java:215)
	... 7 more
Caused by: org.apache.activemq.transport.TransportDisposedIOException: peer (vm://n-fb33fdc5f6e1StandardJMSBroker#1) stopped.
	at org.apache.activemq.transport.vm.VMTransport.stop(VMTransport.java:229)
	at org.apache.activemq.transport.TransportFilter.stop(TransportFilter.java:65)
	at org.apache.activemq.transport.TransportFilter.stop(TransportFilter.java:65)
	at org.apache.activemq.transport.ResponseCorrelator.stop(ResponseCorrelator.java:132)
	at org.apache.activemq.broker.TransportConnection.doStop(TransportConnection.java:1164)
	at org.apache.activemq.broker.TransportConnection$4.run(TransportConnection.java:1130)
	at java.base/java.util.concurrent.ThreadPoolExecutor.runWorker(ThreadPoolExecutor.java:1130)
	at java.base/java.util.concurrent.ThreadPoolExecutor$Worker.run(ThreadPoolExecutor.java:630)
	at java.base/java.lang.Thread.run(Thread.java:831)
2021-06-04 12:43:02,438 ERROR [org.apache.activemq.thread.TaskRunnerFactory] - Error in thread 'ActiveMQ VMTransport: vm://n-fb33fdc5f6e1StandardJMSBroker#3-2'
org.apache.activemq.broker.BrokerStoppedException: Broker BrokerService[n-fb33fdc5f6e1StandardJMSBroker] is being stopped
	at org.apache.activemq.broker.TransportConnection$1.onCommand(TransportConnection.java:193)
	at org.apache.activemq.transport.ResponseCorrelator.onCommand(ResponseCorrelator.java:116)
	at org.apache.activemq.transport.MutexTransport.onCommand(MutexTransport.java:50)
	at org.apache.activemq.transport.vm.VMTransport.iterate(VMTransport.java:270)
	at org.apache.activemq.thread.PooledTaskRunner.runTask(PooledTaskRunner.java:133)
	at org.apache.activemq.thread.PooledTaskRunner$1.run(PooledTaskRunner.java:48)
	at java.base/java.util.concurrent.ThreadPoolExecutor.runWorker(ThreadPoolExecutor.java:1130)
	at java.base/java.util.concurrent.ThreadPoolExecutor$Worker.run(ThreadPoolExecutor.java:630)
	at java.base/java.lang.Thread.run(Thread.java:831)
2021-06-04 12:43:02,439 WARN [n-fb33fdc5f6e1.a-fb34504611e0.CommunicationBean.jms] - could not close connection 
javax.jms.JMSException: peer (vm://n-fb33fdc5f6e1StandardJMSBroker#3) stopped.
	at org.apache.activemq.util.JMSExceptionSupport.create(JMSExceptionSupport.java:54)
	at org.apache.activemq.ActiveMQConnection.doSyncSendPacket(ActiveMQConnection.java:1445)
	at org.apache.activemq.ActiveMQConnection.close(ActiveMQConnection.java:687)
	at de.dailab.jiactng.agentcore.comm.transport.jms.JMSMessageTransport.doCleanup(JMSMessageTransport.java:110)
	at de.dailab.jiactng.agentcore.comm.CommunicationBean.doCleanup(CommunicationBean.java:172)
	at de.dailab.jiactng.agentcore.lifecycle.AbstractLifecycle.cleanup(AbstractLifecycle.java:221)
	at de.dailab.jiactng.agentcore.Agent.doCleanup(Agent.java:370)
	at de.dailab.jiactng.agentcore.lifecycle.AbstractLifecycle.cleanup(AbstractLifecycle.java:221)
	at de.dailab.jiactng.agentcore.SimpleAgentNode.doCleanup(SimpleAgentNode.java:996)
	at de.dailab.jiactng.agentcore.lifecycle.AbstractLifecycle.cleanup(AbstractLifecycle.java:221)
	at de.dailab.jiactng.agentcore.SimpleAgentNode.shutdown(SimpleAgentNode.java:820)
	at de.dailab.jiactng.agentcore.SimpleAgentNode$1.run(SimpleAgentNode.java:144)
Caused by: org.apache.activemq.transport.TransportDisposedIOException: peer (vm://n-fb33fdc5f6e1StandardJMSBroker#3) stopped.
	at org.apache.activemq.transport.vm.VMTransport.stop(VMTransport.java:229)
	at org.apache.activemq.transport.TransportFilter.stop(TransportFilter.java:65)
	at org.apache.activemq.transport.TransportFilter.stop(TransportFilter.java:65)
	at org.apache.activemq.transport.ResponseCorrelator.stop(ResponseCorrelator.java:132)
	at org.apache.activemq.broker.TransportConnection.doStop(TransportConnection.java:1164)
	at org.apache.activemq.broker.TransportConnection$4.run(TransportConnection.java:1130)
	at java.base/java.util.concurrent.ThreadPoolExecutor.runWorker(ThreadPoolExecutor.java:1130)
	at java.base/java.util.concurrent.ThreadPoolExecutor$Worker.run(ThreadPoolExecutor.java:630)
	at java.base/java.lang.Thread.run(Thread.java:831)
2021-06-04 12:43:02,441 WARN [n-fb33fdc5f6e1.a-fb34481c3ea6.CommunicationBean.jms] - could not stop JMS connection 
org.apache.activemq.ConnectionFailedException: The JMS connection has failed: peer (vm://n-fb33fdc5f6e1StandardJMSBroker#5) stopped.
	at org.apache.activemq.ActiveMQConnection.checkClosedOrFailed(ActiveMQConnection.java:1471)
	at org.apache.activemq.ActiveMQConnection.doStop(ActiveMQConnection.java:575)
	at org.apache.activemq.ActiveMQConnection.stop(ActiveMQConnection.java:564)
	at de.dailab.jiactng.agentcore.comm.transport.jms.JMSMessageTransport.doCleanup(JMSMessageTransport.java:103)
	at de.dailab.jiactng.agentcore.comm.CommunicationBean.doCleanup(CommunicationBean.java:172)
	at de.dailab.jiactng.agentcore.lifecycle.AbstractLifecycle.cleanup(AbstractLifecycle.java:221)
	at de.dailab.jiactng.agentcore.Agent.doCleanup(Agent.java:370)
	at de.dailab.jiactng.agentcore.lifecycle.AbstractLifecycle.cleanup(AbstractLifecycle.java:221)
	at de.dailab.jiactng.agentcore.SimpleAgentNode.doCleanup(SimpleAgentNode.java:996)
	at de.dailab.jiactng.agentcore.lifecycle.AbstractLifecycle.cleanup(AbstractLifecycle.java:221)
	at de.dailab.jiactng.agentcore.SimpleAgentNode.shutdown(SimpleAgentNode.java:820)
	at de.dailab.jiactng.agentcore.SimpleAgentNode$1.run(SimpleAgentNode.java:144)
Caused by: org.apache.activemq.transport.TransportDisposedIOException: peer (vm://n-fb33fdc5f6e1StandardJMSBroker#5) stopped.
	at org.apache.activemq.transport.vm.VMTransport.stop(VMTransport.java:229)
	at org.apache.activemq.transport.TransportFilter.stop(TransportFilter.java:65)
	at org.apache.activemq.transport.TransportFilter.stop(TransportFilter.java:65)
	at org.apache.activemq.transport.ResponseCorrelator.stop(ResponseCorrelator.java:132)
	at org.apache.activemq.broker.TransportConnection.doStop(TransportConnection.java:1164)
	at org.apache.activemq.broker.TransportConnection$4.run(TransportConnection.java:1130)
	at java.base/java.util.concurrent.ThreadPoolExecutor.runWorker(ThreadPoolExecutor.java:1130)
	at java.base/java.util.concurrent.ThreadPoolExecutor$Worker.run(ThreadPoolExecutor.java:630)
	at java.base/java.lang.Thread.run(Thread.java:831)
2021-06-04 12:43:02,442 WARN [n-fb33fdc5f6e1.a-fb341782d192.CommunicationBean.jms] - could not stop JMS connection 
org.apache.activemq.ConnectionFailedException: The JMS connection has failed: peer (vm://n-fb33fdc5f6e1StandardJMSBroker#7) stopped.
	at org.apache.activemq.ActiveMQConnection.checkClosedOrFailed(ActiveMQConnection.java:1471)
	at org.apache.activemq.ActiveMQConnection.doStop(ActiveMQConnection.java:575)
	at org.apache.activemq.ActiveMQConnection.stop(ActiveMQConnection.java:564)
	at de.dailab.jiactng.agentcore.comm.transport.jms.JMSMessageTransport.doCleanup(JMSMessageTransport.java:103)
	at de.dailab.jiactng.agentcore.comm.CommunicationBean.doCleanup(CommunicationBean.java:172)
	at de.dailab.jiactng.agentcore.lifecycle.AbstractLifecycle.cleanup(AbstractLifecycle.java:221)
	at de.dailab.jiactng.agentcore.Agent.doCleanup(Agent.java:370)
	at de.dailab.jiactng.agentcore.lifecycle.AbstractLifecycle.cleanup(AbstractLifecycle.java:221)
	at de.dailab.jiactng.agentcore.SimpleAgentNode.doCleanup(SimpleAgentNode.java:996)
	at de.dailab.jiactng.agentcore.lifecycle.AbstractLifecycle.cleanup(AbstractLifecycle.java:221)
	at de.dailab.jiactng.agentcore.SimpleAgentNode.shutdown(SimpleAgentNode.java:820)
	at de.dailab.jiactng.agentcore.SimpleAgentNode$1.run(SimpleAgentNode.java:144)
Caused by: org.apache.activemq.transport.TransportDisposedIOException: peer (vm://n-fb33fdc5f6e1StandardJMSBroker#7) stopped.
	at org.apache.activemq.transport.vm.VMTransport.stop(VMTransport.java:229)
	at org.apache.activemq.transport.TransportFilter.stop(TransportFilter.java:65)
	at org.apache.activemq.transport.TransportFilter.stop(TransportFilter.java:65)
	at org.apache.activemq.transport.ResponseCorrelator.stop(ResponseCorrelator.java:132)
	at org.apache.activemq.broker.TransportConnection.doStop(TransportConnection.java:1164)
	at org.apache.activemq.broker.TransportConnection$4.run(TransportConnection.java:1130)
	at java.base/java.util.concurrent.ThreadPoolExecutor.runWorker(ThreadPoolExecutor.java:1130)
	at java.base/java.util.concurrent.ThreadPoolExecutor$Worker.run(ThreadPoolExecutor.java:630)
	at java.base/java.lang.Thread.run(Thread.java:831)
2021-06-04 12:43:02,444 WARN [n-fb33fdc5f6e1.a-fb341230c04b.CommunicationBean.jms] - could not stop JMS connection 
org.apache.activemq.ConnectionFailedException: The JMS connection has failed: peer (vm://n-fb33fdc5f6e1StandardJMSBroker#9) stopped.
	at org.apache.activemq.ActiveMQConnection.checkClosedOrFailed(ActiveMQConnection.java:1471)
	at org.apache.activemq.ActiveMQConnection.doStop(ActiveMQConnection.java:575)
	at org.apache.activemq.ActiveMQConnection.stop(ActiveMQConnection.java:564)
	at de.dailab.jiactng.agentcore.comm.transport.jms.JMSMessageTransport.doCleanup(JMSMessageTransport.java:103)
	at de.dailab.jiactng.agentcore.comm.CommunicationBean.doCleanup(CommunicationBean.java:172)
	at de.dailab.jiactng.agentcore.lifecycle.AbstractLifecycle.cleanup(AbstractLifecycle.java:221)
	at de.dailab.jiactng.agentcore.Agent.doCleanup(Agent.java:370)
	at de.dailab.jiactng.agentcore.lifecycle.AbstractLifecycle.cleanup(AbstractLifecycle.java:221)
	at de.dailab.jiactng.agentcore.SimpleAgentNode.doCleanup(SimpleAgentNode.java:996)
	at de.dailab.jiactng.agentcore.lifecycle.AbstractLifecycle.cleanup(AbstractLifecycle.java:221)
	at de.dailab.jiactng.agentcore.SimpleAgentNode.shutdown(SimpleAgentNode.java:820)
	at de.dailab.jiactng.agentcore.SimpleAgentNode$1.run(SimpleAgentNode.java:144)
Caused by: org.apache.activemq.transport.TransportDisposedIOException: peer (vm://n-fb33fdc5f6e1StandardJMSBroker#9) stopped.
	at org.apache.activemq.transport.vm.VMTransport.stop(VMTransport.java:229)
	at org.apache.activemq.transport.TransportFilter.stop(TransportFilter.java:65)
	at org.apache.activemq.transport.TransportFilter.stop(TransportFilter.java:65)
	at org.apache.activemq.transport.ResponseCorrelator.stop(ResponseCorrelator.java:132)
	at org.apache.activemq.broker.TransportConnection.doStop(TransportConnection.java:1164)
	at org.apache.activemq.broker.TransportConnection$4.run(TransportConnection.java:1130)
	at java.base/java.util.concurrent.ThreadPoolExecutor.runWorker(ThreadPoolExecutor.java:1130)
	at java.base/java.util.concurrent.ThreadPoolExecutor$Worker.run(ThreadPoolExecutor.java:630)
	at java.base/java.lang.Thread.run(Thread.java:831)
2021-06-04 12:43:02,445 WARN [n-fb33fdc5f6e1.a-fb344343bc6c.CommunicationBean.jms] - could not stop JMS connection 
org.apache.activemq.ConnectionFailedException: The JMS connection has failed: peer (vm://n-fb33fdc5f6e1StandardJMSBroker#11) stopped.
	at org.apache.activemq.ActiveMQConnection.checkClosedOrFailed(ActiveMQConnection.java:1471)
	at org.apache.activemq.ActiveMQConnection.doStop(ActiveMQConnection.java:575)
	at org.apache.activemq.ActiveMQConnection.stop(ActiveMQConnection.java:564)
	at de.dailab.jiactng.agentcore.comm.transport.jms.JMSMessageTransport.doCleanup(JMSMessageTransport.java:103)
	at de.dailab.jiactng.agentcore.comm.CommunicationBean.doCleanup(CommunicationBean.java:172)
	at de.dailab.jiactng.agentcore.lifecycle.AbstractLifecycle.cleanup(AbstractLifecycle.java:221)
	at de.dailab.jiactng.agentcore.Agent.doCleanup(Agent.java:370)
	at de.dailab.jiactng.agentcore.lifecycle.AbstractLifecycle.cleanup(AbstractLifecycle.java:221)
	at de.dailab.jiactng.agentcore.SimpleAgentNode.doCleanup(SimpleAgentNode.java:996)
	at de.dailab.jiactng.agentcore.lifecycle.AbstractLifecycle.cleanup(AbstractLifecycle.java:221)
	at de.dailab.jiactng.agentcore.SimpleAgentNode.shutdown(SimpleAgentNode.java:820)
	at de.dailab.jiactng.agentcore.SimpleAgentNode$1.run(SimpleAgentNode.java:144)
Caused by: org.apache.activemq.transport.TransportDisposedIOException: peer (vm://n-fb33fdc5f6e1StandardJMSBroker#11) stopped.
	at org.apache.activemq.transport.vm.VMTransport.stop(VMTransport.java:229)
	at org.apache.activemq.transport.TransportFilter.stop(TransportFilter.java:65)
	at org.apache.activemq.transport.TransportFilter.stop(TransportFilter.java:65)
	at org.apache.activemq.transport.ResponseCorrelator.stop(ResponseCorrelator.java:132)
	at org.apache.activemq.broker.TransportConnection.doStop(TransportConnection.java:1164)
	at org.apache.activemq.broker.TransportConnection$4.run(TransportConnection.java:1130)
	at java.base/java.util.concurrent.ThreadPoolExecutor.runWorker(ThreadPoolExecutor.java:1130)
	at java.base/java.util.concurrent.ThreadPoolExecutor$Worker.run(ThreadPoolExecutor.java:630)
	at java.base/java.lang.Thread.run(Thread.java:831)
2021-06-04 12:43:02,446 WARN [n-fb33fdc5f6e1.a-fb341c3dc70e.CommunicationBean.jms] - could not stop JMS connection 
org.apache.activemq.ConnectionFailedException: The JMS connection has failed: peer (vm://n-fb33fdc5f6e1StandardJMSBroker#13) stopped.
	at org.apache.activemq.ActiveMQConnection.checkClosedOrFailed(ActiveMQConnection.java:1471)
	at org.apache.activemq.ActiveMQConnection.doStop(ActiveMQConnection.java:575)
	at org.apache.activemq.ActiveMQConnection.stop(ActiveMQConnection.java:564)
	at de.dailab.jiactng.agentcore.comm.transport.jms.JMSMessageTransport.doCleanup(JMSMessageTransport.java:103)
	at de.dailab.jiactng.agentcore.comm.CommunicationBean.doCleanup(CommunicationBean.java:172)
	at de.dailab.jiactng.agentcore.lifecycle.AbstractLifecycle.cleanup(AbstractLifecycle.java:221)
	at de.dailab.jiactng.agentcore.Agent.doCleanup(Agent.java:370)
	at de.dailab.jiactng.agentcore.lifecycle.AbstractLifecycle.cleanup(AbstractLifecycle.java:221)
	at de.dailab.jiactng.agentcore.SimpleAgentNode.doCleanup(SimpleAgentNode.java:996)
	at de.dailab.jiactng.agentcore.lifecycle.AbstractLifecycle.cleanup(AbstractLifecycle.java:221)
	at de.dailab.jiactng.agentcore.SimpleAgentNode.shutdown(SimpleAgentNode.java:820)
	at de.dailab.jiactng.agentcore.SimpleAgentNode$1.run(SimpleAgentNode.java:144)
Caused by: org.apache.activemq.transport.TransportDisposedIOException: peer (vm://n-fb33fdc5f6e1StandardJMSBroker#13) stopped.
	at org.apache.activemq.transport.vm.VMTransport.stop(VMTransport.java:229)
	at org.apache.activemq.transport.TransportFilter.stop(TransportFilter.java:65)
	at org.apache.activemq.transport.TransportFilter.stop(TransportFilter.java:65)
	at org.apache.activemq.transport.ResponseCorrelator.stop(ResponseCorrelator.java:132)
	at org.apache.activemq.broker.TransportConnection.doStop(TransportConnection.java:1164)
	at org.apache.activemq.broker.TransportConnection$4.run(TransportConnection.java:1130)
	at java.base/java.util.concurrent.ThreadPoolExecutor.runWorker(ThreadPoolExecutor.java:1130)
	at java.base/java.util.concurrent.ThreadPoolExecutor$Worker.run(ThreadPoolExecutor.java:630)
	at java.base/java.lang.Thread.run(Thread.java:831)
2021-06-04 12:43:02,448 WARN [n-fb33fdc5f6e1.a-fb34338a6f7f.CommunicationBean.jms] - could not stop JMS connection 
org.apache.activemq.ConnectionFailedException: The JMS connection has failed: peer (vm://n-fb33fdc5f6e1StandardJMSBroker#15) stopped.
	at org.apache.activemq.ActiveMQConnection.checkClosedOrFailed(ActiveMQConnection.java:1471)
	at org.apache.activemq.ActiveMQConnection.doStop(ActiveMQConnection.java:575)
	at org.apache.activemq.ActiveMQConnection.stop(ActiveMQConnection.java:564)
	at de.dailab.jiactng.agentcore.comm.transport.jms.JMSMessageTransport.doCleanup(JMSMessageTransport.java:103)
	at de.dailab.jiactng.agentcore.comm.CommunicationBean.doCleanup(CommunicationBean.java:172)
	at de.dailab.jiactng.agentcore.lifecycle.AbstractLifecycle.cleanup(AbstractLifecycle.java:221)
	at de.dailab.jiactng.agentcore.Agent.doCleanup(Agent.java:370)
	at de.dailab.jiactng.agentcore.lifecycle.AbstractLifecycle.cleanup(AbstractLifecycle.java:221)
	at de.dailab.jiactng.agentcore.SimpleAgentNode.doCleanup(SimpleAgentNode.java:996)
	at de.dailab.jiactng.agentcore.lifecycle.AbstractLifecycle.cleanup(AbstractLifecycle.java:221)
	at de.dailab.jiactng.agentcore.SimpleAgentNode.shutdown(SimpleAgentNode.java:820)
	at de.dailab.jiactng.agentcore.SimpleAgentNode$1.run(SimpleAgentNode.java:144)
Caused by: org.apache.activemq.transport.TransportDisposedIOException: peer (vm://n-fb33fdc5f6e1StandardJMSBroker#15) stopped.
	at org.apache.activemq.transport.vm.VMTransport.stop(VMTransport.java:229)
	at org.apache.activemq.transport.TransportFilter.stop(TransportFilter.java:65)
	at org.apache.activemq.transport.TransportFilter.stop(TransportFilter.java:65)
	at org.apache.activemq.transport.ResponseCorrelator.stop(ResponseCorrelator.java:132)
	at org.apache.activemq.broker.TransportConnection.doStop(TransportConnection.java:1164)
	at org.apache.activemq.broker.TransportConnection$4.run(TransportConnection.java:1130)
	at java.base/java.util.concurrent.ThreadPoolExecutor.runWorker(ThreadPoolExecutor.java:1130)
	at java.base/java.util.concurrent.ThreadPoolExecutor$Worker.run(ThreadPoolExecutor.java:630)
	at java.base/java.lang.Thread.run(Thread.java:831)
2021-06-04 12:43:02,449 WARN [n-fb33fdc5f6e1.IDirectory.jms] - could not stop JMS connection 
org.apache.activemq.ConnectionFailedException: The JMS connection has failed: peer (vm://n-fb33fdc5f6e1StandardJMSBroker#1) stopped.
	at org.apache.activemq.ActiveMQConnection.checkClosedOrFailed(ActiveMQConnection.java:1471)
	at org.apache.activemq.ActiveMQConnection.doStop(ActiveMQConnection.java:575)
	at org.apache.activemq.ActiveMQConnection.stop(ActiveMQConnection.java:564)
	at de.dailab.jiactng.agentcore.comm.transport.jms.JMSMessageTransport.doCleanup(JMSMessageTransport.java:103)
	at de.dailab.jiactng.agentcore.directory.DirectoryAgentNodeBean.doCleanup(DirectoryAgentNodeBean.java:311)
	at de.dailab.jiactng.agentcore.lifecycle.AbstractLifecycle.cleanup(AbstractLifecycle.java:221)
	at de.dailab.jiactng.agentcore.SimpleAgentNode.doCleanup(SimpleAgentNode.java:1011)
	at de.dailab.jiactng.agentcore.lifecycle.AbstractLifecycle.cleanup(AbstractLifecycle.java:221)
	at de.dailab.jiactng.agentcore.SimpleAgentNode.shutdown(SimpleAgentNode.java:820)
	at de.dailab.jiactng.agentcore.SimpleAgentNode$1.run(SimpleAgentNode.java:144)
Caused by: org.apache.activemq.transport.TransportDisposedIOException: peer (vm://n-fb33fdc5f6e1StandardJMSBroker#1) stopped.
	at org.apache.activemq.transport.vm.VMTransport.stop(VMTransport.java:229)
	at org.apache.activemq.transport.TransportFilter.stop(TransportFilter.java:65)
	at org.apache.activemq.transport.TransportFilter.stop(TransportFilter.java:65)
	at org.apache.activemq.transport.ResponseCorrelator.stop(ResponseCorrelator.java:132)
	at org.apache.activemq.broker.TransportConnection.doStop(TransportConnection.java:1164)
	at org.apache.activemq.broker.TransportConnection$4.run(TransportConnection.java:1130)
	at java.base/java.util.concurrent.ThreadPoolExecutor.runWorker(ThreadPoolExecutor.java:1130)
	at java.base/java.util.concurrent.ThreadPoolExecutor$Worker.run(ThreadPoolExecutor.java:630)
	at java.base/java.lang.Thread.run(Thread.java:831)
